<?xml version="1.0" encoding="UTF-8"?>
<robot generator="Robot 3.2.2 (Python 3.9.1 on win32)" generated="20210123 17:06:06.611" rpa="false">
<suite id="s1" name="TestSitePractice" source="C:\Projetos\SuiteSiteTestePractice\tests\TestSitePractice.robot">
<test id="s1-t1" name="Caso de Teste 01: Pesquisar produto existente">
<kw name="Abrir navegador" library="Resource" type="setup">
<kw name="Open Browser" library="SeleniumLibrary">
<doc>Opens a new browser instance to the optional ``url``.</doc>
<arguments>
<arg>about:blank</arg>
<arg>${BROWSER}</arg>
</arguments>
<msg timestamp="20210123 17:06:06.955" level="INFO">Opening browser 'chrome' to base url 'about:blank'.</msg>
<status status="PASS" starttime="20210123 17:06:06.955" endtime="20210123 17:06:11.348"></status>
</kw>
<status status="PASS" starttime="20210123 17:06:06.954" endtime="20210123 17:06:11.348"></status>
</kw>
<kw name="Acessar a página home do site" library="Resource">
<kw name="Go To" library="SeleniumLibrary">
<doc>Navigates the current browser window to the provided ``url``.</doc>
<arguments>
<arg>http://automationpractice.com</arg>
</arguments>
<msg timestamp="20210123 17:06:11.350" level="INFO">Opening url 'http://automationpractice.com'</msg>
<status status="PASS" starttime="20210123 17:06:11.350" endtime="20210123 17:06:18.927"></status>
</kw>
<kw name="Title Should Be" library="SeleniumLibrary">
<doc>Verifies that the current page title equals ``title``.</doc>
<arguments>
<arg>My Store</arg>
</arguments>
<msg timestamp="20210123 17:06:18.936" level="INFO">Page title is 'My Store'.</msg>
<status status="PASS" starttime="20210123 17:06:18.927" endtime="20210123 17:06:18.936"></status>
</kw>
<status status="PASS" starttime="20210123 17:06:11.349" endtime="20210123 17:06:18.936"></status>
</kw>
<kw name="Digitar o nome do produto “Blouse” no campo de pesquisa" library="Resource">
<kw name="Input Text" library="SeleniumLibrary">
<doc>Types the given ``text`` into the text field identified by ``locator``.</doc>
<arguments>
<arg>name=search_query</arg>
<arg>${PRODUTO}</arg>
</arguments>
<msg timestamp="20210123 17:06:18.938" level="INFO">Typing text 'Blouse' into text field 'name=search_query'.</msg>
<status status="PASS" starttime="20210123 17:06:18.937" endtime="20210123 17:06:19.262"></status>
</kw>
<status status="PASS" starttime="20210123 17:06:18.937" endtime="20210123 17:06:19.262"></status>
</kw>
<kw name=" Clicar no botão pesquisar" library="Resource">
<kw name="Click Element" library="SeleniumLibrary">
<doc>Click the element identified by ``locator``.</doc>
<arguments>
<arg>name=submit_search</arg>
</arguments>
<msg timestamp="20210123 17:06:19.267" level="INFO">Clicking element 'name=submit_search'.</msg>
<status status="PASS" starttime="20210123 17:06:19.266" endtime="20210123 17:06:21.055"></status>
</kw>
<status status="PASS" starttime="20210123 17:06:19.265" endtime="20210123 17:06:21.055"></status>
</kw>
<kw name="Conferir se o produto “Blouse” foi listado no site" library="Resource">
<kw name="Wait Until Element Is Visible" library="SeleniumLibrary">
<doc>Waits until the element ``locator`` is visible.</doc>
<arguments>
<arg>css=#center_column &gt; h1</arg>
</arguments>
<status status="PASS" starttime="20210123 17:06:21.058" endtime="20210123 17:06:21.129"></status>
</kw>
<kw name="Title Should Be" library="SeleniumLibrary">
<doc>Verifies that the current page title equals ``title``.</doc>
<arguments>
<arg>Search - My Store</arg>
</arguments>
<msg timestamp="20210123 17:06:21.129" level="INFO">Page title is 'Search - My Store'.</msg>
<status status="PASS" starttime="20210123 17:06:21.129" endtime="20210123 17:06:21.129"></status>
</kw>
<kw name="Page Should Contain Image" library="SeleniumLibrary">
<doc>Verifies image identified by ``locator`` is found from current page.</doc>
<arguments>
<arg>xpath=//*[@id="center_column"]//*[@src='http://automationpractice.com/img/p/7/7-home_default.jpg']</arg>
</arguments>
<msg timestamp="20210123 17:06:21.173" level="INFO">Current page contains image 'xpath=//*[@id="center_column"]//*[@src='http://automationpractice.com/img/p/7/7-home_default.jpg']'.</msg>
<status status="PASS" starttime="20210123 17:06:21.129" endtime="20210123 17:06:21.173"></status>
</kw>
<kw name="Page Should Contain Link" library="SeleniumLibrary">
<doc>Verifies link identified by ``locator`` is found from current page.</doc>
<arguments>
<arg>xpath=//*[@id="center_column"]//*[@class='product-name'][contains(text(),"Blouse")]</arg>
</arguments>
<msg timestamp="20210123 17:06:21.210" level="INFO">Current page contains link 'xpath=//*[@id="center_column"]//*[@class='product-name'][contains(text(),"Blouse")]'.</msg>
<status status="PASS" starttime="20210123 17:06:21.173" endtime="20210123 17:06:21.210"></status>
</kw>
<status status="PASS" starttime="20210123 17:06:21.057" endtime="20210123 17:06:21.210"></status>
</kw>
<kw name="Fechar navegador" library="Resource" type="teardown">
<kw name="Close Browser" library="SeleniumLibrary">
<doc>Closes the current browser.</doc>
<status status="PASS" starttime="20210123 17:06:21.212" endtime="20210123 17:06:24.982"></status>
</kw>
<status status="PASS" starttime="20210123 17:06:21.211" endtime="20210123 17:06:24.982"></status>
</kw>
<status status="PASS" starttime="20210123 17:06:06.953" endtime="20210123 17:06:24.982" critical="yes"></status>
</test>
<test id="s1-t2" name="Caso de Teste 02: Pesquisar produto não existente">
<kw name="Abrir navegador" library="Resource" type="setup">
<kw name="Open Browser" library="SeleniumLibrary">
<doc>Opens a new browser instance to the optional ``url``.</doc>
<arguments>
<arg>about:blank</arg>
<arg>${BROWSER}</arg>
</arguments>
<msg timestamp="20210123 17:06:24.982" level="INFO">Opening browser 'chrome' to base url 'about:blank'.</msg>
<status status="PASS" starttime="20210123 17:06:24.982" endtime="20210123 17:06:29.527"></status>
</kw>
<status status="PASS" starttime="20210123 17:06:24.982" endtime="20210123 17:06:29.527"></status>
</kw>
<kw name="Acessar a página home do site" library="Resource">
<kw name="Go To" library="SeleniumLibrary">
<doc>Navigates the current browser window to the provided ``url``.</doc>
<arguments>
<arg>http://automationpractice.com</arg>
</arguments>
<msg timestamp="20210123 17:06:29.546" level="INFO">Opening url 'http://automationpractice.com'</msg>
<status status="PASS" starttime="20210123 17:06:29.546" endtime="20210123 17:06:37.740"></status>
</kw>
<kw name="Title Should Be" library="SeleniumLibrary">
<doc>Verifies that the current page title equals ``title``.</doc>
<arguments>
<arg>My Store</arg>
</arguments>
<msg timestamp="20210123 17:06:37.803" level="INFO">Page title is 'My Store'.</msg>
<status status="PASS" starttime="20210123 17:06:37.740" endtime="20210123 17:06:37.803"></status>
</kw>
<status status="PASS" starttime="20210123 17:06:29.545" endtime="20210123 17:06:37.803"></status>
</kw>
<kw name="Digitar o nome do produto “itemNãoExistente” no campo de pesquisa" library="Resource">
<kw name="Input Text" library="SeleniumLibrary">
<doc>Types the given ``text`` into the text field identified by ``locator``.</doc>
<arguments>
<arg>name=search_query</arg>
<arg>${PRODUTO}</arg>
</arguments>
<msg timestamp="20210123 17:06:37.805" level="INFO">Typing text 'itemNãoExistente' into text field 'name=search_query'.</msg>
<status status="PASS" starttime="20210123 17:06:37.804" endtime="20210123 17:06:38.310"></status>
</kw>
<status status="PASS" starttime="20210123 17:06:37.804" endtime="20210123 17:06:38.311"></status>
</kw>
<kw name=" Clicar no botão pesquisar" library="Resource">
<kw name="Click Element" library="SeleniumLibrary">
<doc>Click the element identified by ``locator``.</doc>
<arguments>
<arg>name=submit_search</arg>
</arguments>
<msg timestamp="20210123 17:06:38.314" level="INFO">Clicking element 'name=submit_search'.</msg>
<status status="PASS" starttime="20210123 17:06:38.313" endtime="20210123 17:06:40.419"></status>
</kw>
<status status="PASS" starttime="20210123 17:06:38.313" endtime="20210123 17:06:40.419"></status>
</kw>
<kw name="Conferir mensagem de erro &quot;No results were found for your search &quot;itemNãoExistente&quot;&quot;" library="Resource">
<kw name="Wait Until Element Is Visible" library="SeleniumLibrary">
<doc>Waits until the element ``locator`` is visible.</doc>
<arguments>
<arg>//*[@id="center_column"]/p[@class="alert alert-warning"]</arg>
</arguments>
<status status="PASS" starttime="20210123 17:06:40.423" endtime="20210123 17:06:40.460"></status>
</kw>
<kw name="Element Text Should Be" library="SeleniumLibrary">
<doc>Verifies that element ``locator`` contains exact the text ``expected``.</doc>
<arguments>
<arg>//*[@id="center_column"]/p[@class="alert alert-warning"]</arg>
<arg>${MENSAGEM_ALERTA}</arg>
</arguments>
<msg timestamp="20210123 17:06:40.476" level="INFO">Verifying element '//*[@id="center_column"]/p[@class="alert alert-warning"]' contains exact text 'No results were found for your search "itemNãoExistente"'.</msg>
<status status="PASS" starttime="20210123 17:06:40.460" endtime="20210123 17:06:40.507"></status>
</kw>
<status status="PASS" starttime="20210123 17:06:40.421" endtime="20210123 17:06:40.507"></status>
</kw>
<kw name="Fechar navegador" library="Resource" type="teardown">
<kw name="Close Browser" library="SeleniumLibrary">
<doc>Closes the current browser.</doc>
<status status="PASS" starttime="20210123 17:06:40.507" endtime="20210123 17:06:42.997"></status>
</kw>
<status status="PASS" starttime="20210123 17:06:40.507" endtime="20210123 17:06:42.997"></status>
</kw>
<status status="PASS" starttime="20210123 17:06:24.982" endtime="20210123 17:06:42.997" critical="yes"></status>
</test>
<status status="PASS" starttime="20210123 17:06:06.616" endtime="20210123 17:06:43.013"></status>
</suite>
<statistics>
<total>
<stat pass="2" fail="0">Critical Tests</stat>
<stat pass="2" fail="0">All Tests</stat>
</total>
<tag>
</tag>
<suite>
<stat pass="2" fail="0" id="s1" name="TestSitePractice">TestSitePractice</stat>
</suite>
</statistics>
<errors>
</errors>
</robot>
